[14:32:41] [main/INFO]: Setting user: Player979
[14:32:47] [main/WARN]: Skipping bad option: lastServer:
[14:32:47] [main/INFO]: LWJGL Version: 2.9.4
[14:32:51] [main/INFO]: Reloading ResourceManager: Default, FMLFileResourcePack:Forge Mod Loader, FMLFileResourcePack:Minecraft Forge, FMLFileResourcePack:Tutorial Mod
[14:32:54] [Sound Library Loader/INFO]: Starting up SoundSystem...
[14:32:55] [Thread-5/INFO]: Initializing LWJGL OpenAL
[14:32:55] [Thread-5/INFO]: (The LWJGL binding of OpenAL.  For more information, see http://www.lwjgl.org)
[14:32:55] [Thread-5/INFO]: OpenAL initialized.
[14:32:55] [Sound Library Loader/INFO]: Sound engine started
[14:33:00] [main/INFO]: Created: 512x512 textures-atlas
[14:33:02] [main/WARN]: Skipping bad option: lastServer:
[14:33:02] [main/INFO]: Narrator library for x64 successfully loaded
[14:33:03] [Realms Notification Availability checker #1/INFO]: Could not authorize you against Realms server: Invalid session id
[14:33:06] [Server thread/INFO]: Starting integrated minecraft server version 1.12
[14:33:06] [Server thread/INFO]: Generating keypair
[14:33:07] [Server thread/WARN]: Couldn't find resource table tutorial:entities/weird_zombie
[14:33:07] [Server thread/INFO]: Loaded 488 advancements
[14:33:07] [Server thread/INFO]: Preparing start region for level 0
[14:33:08] [Server thread/INFO]: Preparing spawn area: 47%
[14:33:08] [Server thread/INFO]: Changing view distance to 12, from 10
[14:33:10] [Server thread/INFO]: Player979[local:E:9f6bd8e5] logged in with entity id 192 at (4517.401555498899, 67.0, -1409.0993647332823)
[14:33:10] [Server thread/INFO]: Player979 joined the game
[14:33:12] [Server thread/INFO]: Saving and pausing game...
[14:33:12] [Server thread/INFO]: Saving chunks for level 'New World'/overworld
[14:33:12] [pool-2-thread-1/WARN]: Couldn't look up profile properties for com.mojang.authlib.GameProfile@7acbbe66[id=a358f576-55e4-36d3-950a-a39f1875bc3b,name=Player979,properties={},legacy=false]
com.mojang.authlib.exceptions.AuthenticationException: The client has sent too many requests within a certain amount of time
	at com.mojang.authlib.yggdrasil.YggdrasilAuthenticationService.makeRequest(YggdrasilAuthenticationService.java:79) ~[YggdrasilAuthenticationService.class:?]
	at com.mojang.authlib.yggdrasil.YggdrasilMinecraftSessionService.fillGameProfile(YggdrasilMinecraftSessionService.java:180) [YggdrasilMinecraftSessionService.class:?]
	at com.mojang.authlib.yggdrasil.YggdrasilMinecraftSessionService$1.load(YggdrasilMinecraftSessionService.java:60) [YggdrasilMinecraftSessionService$1.class:?]
	at com.mojang.authlib.yggdrasil.YggdrasilMinecraftSessionService$1.load(YggdrasilMinecraftSessionService.java:57) [YggdrasilMinecraftSessionService$1.class:?]
	at com.google.common.cache.LocalCache$LoadingValueReference.loadFuture(LocalCache.java:3716) [guava-21.0.jar:?]
	at com.google.common.cache.LocalCache$Segment.loadSync(LocalCache.java:2424) [guava-21.0.jar:?]
	at com.google.common.cache.LocalCache$Segment.lockedGetOrLoad(LocalCache.java:2298) [guava-21.0.jar:?]
	at com.google.common.cache.LocalCache$Segment.get(LocalCache.java:2211) [guava-21.0.jar:?]
	at com.google.common.cache.LocalCache.get(LocalCache.java:4154) [guava-21.0.jar:?]
	at com.google.common.cache.LocalCache.getOrLoad(LocalCache.java:4158) [guava-21.0.jar:?]
	at com.google.common.cache.LocalCache$LocalLoadingCache.get(LocalCache.java:5147) [guava-21.0.jar:?]
	at com.google.common.cache.LocalCache$LocalLoadingCache.getUnchecked(LocalCache.java:5153) [guava-21.0.jar:?]
	at com.mojang.authlib.yggdrasil.YggdrasilMinecraftSessionService.fillProfileProperties(YggdrasilMinecraftSessionService.java:170) [YggdrasilMinecraftSessionService.class:?]
	at net.minecraft.client.Minecraft.getProfileProperties(Minecraft.java:3172) [Minecraft.class:?]
	at net.minecraft.client.resources.SkinManager$3.run(SkinManager.java:138) [SkinManager$3.class:?]
	at java.util.concurrent.Executors$RunnableAdapter.call(Executors.java:511) [?:1.8.0_161]
	at java.util.concurrent.FutureTask.run(FutureTask.java:266) [?:1.8.0_161]
	at java.util.concurrent.ThreadPoolExecutor.runWorker(ThreadPoolExecutor.java:1149) [?:1.8.0_161]
	at java.util.concurrent.ThreadPoolExecutor$Worker.run(ThreadPoolExecutor.java:624) [?:1.8.0_161]
	at java.lang.Thread.run(Thread.java:748) [?:1.8.0_161]
[14:33:12] [Server thread/INFO]: Saving chunks for level 'New World'/the_nether
[14:33:12] [Server thread/INFO]: Saving chunks for level 'New World'/the_end
[14:34:57] [Server thread/INFO]: Saving and pausing game...
[14:34:57] [Server thread/INFO]: Saving chunks for level 'New World'/overworld
[14:34:57] [Server thread/INFO]: Saving chunks for level 'New World'/the_nether
[14:34:57] [Server thread/INFO]: Saving chunks for level 'New World'/the_end
[14:34:58] [Server thread/INFO]: Stopping server
[14:34:58] [Server thread/INFO]: Saving players
[14:34:58] [Server thread/INFO]: Player979 lost connection: Disconnected
[14:34:58] [Server thread/INFO]: Player979 left the game
[14:34:58] [Server thread/INFO]: Stopping singleplayer server as player logged out
[14:34:58] [Server thread/INFO]: Saving worlds
[14:34:58] [Server thread/INFO]: Saving chunks for level 'New World'/overworld
[14:34:59] [Server thread/INFO]: Saving chunks for level 'New World'/the_nether
[14:34:59] [Server thread/INFO]: Saving chunks for level 'New World'/the_end
[14:35:00] [main/INFO]: Stopping!
[14:35:00] [main/INFO]: SoundSystem shutting down...
[14:35:00] [main/WARN]: Author: Paul Lamb, www.paulscode.com
